<?xml version="1.0" encoding="UTF-8"?>
<!-- Generated by org.testng.reporters.JUnitXMLReporter -->
<testsuite ignored="0" hostname="LAPTOP-T1CPEA34" failures="0" tests="4" name="Test" time="45.707" errors="0" timestamp="2022-05-22T19:40:52 IST">
  <testcase classname="TestPackage.TestA" name="testA" time="7.205"/>
  <testcase classname="TestPackage.TestA" name="testb" time="9.376"/>
  <testcase classname="TestPackage.TestB" name="testB" time="0.338"/>
  <testcase classname="TestPackage.TestC" name="testC" time="0.31"/>
</testsuite> <!-- Test -->
