<?xml version="1.0" encoding="UTF-8"?>
<testng-results ignored="0" total="4" passed="4" failed="0" skipped="0">
  <reporter-output>
  </reporter-output>
  <suite started-at="2022-05-22T19:40:06 IST" name="Suite" finished-at="2022-05-22T19:40:51 IST" duration-ms="45707">
    <groups>
    </groups>
    <test started-at="2022-05-22T19:40:06 IST" name="Test" finished-at="2022-05-22T19:40:51 IST" duration-ms="45707">
      <class name="TestPackage.TestA">
        <test-method is-config="true" signature="beforeClass()[pri:0, instance:TestPackage.TestA@5c30a9b0]" started-at="2022-05-22T19:40:06 IST" name="beforeClass" finished-at="2022-05-22T19:40:17 IST" duration-ms="11122" status="PASS">
          <reporter-output>
          </reporter-output>
        </test-method> <!-- beforeClass -->
        <test-method is-config="true" signature="beforeMethod()[pri:0, instance:TestPackage.TestA@5c30a9b0]" started-at="2022-05-22T19:40:17 IST" name="beforeMethod" finished-at="2022-05-22T19:40:17 IST" duration-ms="1" status="PASS">
          <reporter-output>
          </reporter-output>
        </test-method> <!-- beforeMethod -->
        <test-method signature="testA()[pri:0, instance:TestPackage.TestA@5c30a9b0]" started-at="2022-05-22T19:40:17 IST" name="testA" finished-at="2022-05-22T19:40:24 IST" duration-ms="7205" status="PASS">
          <reporter-output>
          </reporter-output>
        </test-method> <!-- testA -->
        <test-method is-config="true" signature="afterMethod()[pri:0, instance:TestPackage.TestA@5c30a9b0]" started-at="2022-05-22T19:40:24 IST" name="afterMethod" finished-at="2022-05-22T19:40:25 IST" duration-ms="728" status="PASS">
          <reporter-output>
          </reporter-output>
        </test-method> <!-- afterMethod -->
        <test-method is-config="true" signature="beforeMethod()[pri:0, instance:TestPackage.TestA@5c30a9b0]" started-at="2022-05-22T19:40:25 IST" name="beforeMethod" finished-at="2022-05-22T19:40:25 IST" duration-ms="0" status="PASS">
          <reporter-output>
          </reporter-output>
        </test-method> <!-- beforeMethod -->
        <test-method signature="testb()[pri:1, instance:TestPackage.TestA@5c30a9b0]" started-at="2022-05-22T19:40:25 IST" name="testb" finished-at="2022-05-22T19:40:34 IST" duration-ms="9376" status="PASS">
          <reporter-output>
          </reporter-output>
        </test-method> <!-- testb -->
        <test-method is-config="true" signature="afterMethod()[pri:0, instance:TestPackage.TestA@5c30a9b0]" started-at="2022-05-22T19:40:34 IST" name="afterMethod" finished-at="2022-05-22T19:40:35 IST" duration-ms="764" status="PASS">
          <reporter-output>
          </reporter-output>
        </test-method> <!-- afterMethod -->
        <test-method is-config="true" signature="afterClass()[pri:0, instance:TestPackage.TestA@5c30a9b0]" started-at="2022-05-22T19:40:35 IST" name="afterClass" finished-at="2022-05-22T19:40:35 IST" duration-ms="328" status="PASS">
          <reporter-output>
          </reporter-output>
        </test-method> <!-- afterClass -->
      </class> <!-- TestPackage.TestA -->
      <class name="TestPackage.TestC">
        <test-method is-config="true" signature="beforeClass()[pri:0, instance:TestPackage.TestC@50b472aa]" started-at="2022-05-22T19:40:42 IST" name="beforeClass" finished-at="2022-05-22T19:40:51 IST" duration-ms="9185" status="PASS">
          <reporter-output>
          </reporter-output>
        </test-method> <!-- beforeClass -->
        <test-method signature="testC()[pri:0, instance:TestPackage.TestC@50b472aa]" started-at="2022-05-22T19:40:51 IST" name="testC" finished-at="2022-05-22T19:40:51 IST" duration-ms="310" status="PASS">
          <reporter-output>
          </reporter-output>
        </test-method> <!-- testC -->
        <test-method is-config="true" signature="beforeMethod()[pri:0, instance:TestPackage.TestC@50b472aa]" started-at="2022-05-22T19:40:51 IST" name="beforeMethod" finished-at="2022-05-22T19:40:51 IST" duration-ms="0" status="PASS">
          <reporter-output>
          </reporter-output>
        </test-method> <!-- beforeMethod -->
        <test-method is-config="true" signature="afterMethod()[pri:0, instance:TestPackage.TestC@50b472aa]" started-at="2022-05-22T19:40:51 IST" name="afterMethod" finished-at="2022-05-22T19:40:51 IST" duration-ms="0" status="PASS">
          <reporter-output>
          </reporter-output>
        </test-method> <!-- afterMethod -->
        <test-method is-config="true" signature="afterClass()[pri:0, instance:TestPackage.TestC@50b472aa]" started-at="2022-05-22T19:40:51 IST" name="afterClass" finished-at="2022-05-22T19:40:51 IST" duration-ms="0" status="PASS">
          <reporter-output>
          </reporter-output>
        </test-method> <!-- afterClass -->
      </class> <!-- TestPackage.TestC -->
      <class name="TestPackage.TestB">
        <test-method is-config="true" signature="beforeClass()[pri:0, instance:TestPackage.TestB@6ca8564a]" started-at="2022-05-22T19:40:35 IST" name="beforeClass" finished-at="2022-05-22T19:40:42 IST" duration-ms="6283" status="PASS">
          <reporter-output>
          </reporter-output>
        </test-method> <!-- beforeClass -->
        <test-method is-config="true" signature="beforeMethod()[pri:0, instance:TestPackage.TestB@6ca8564a]" started-at="2022-05-22T19:40:42 IST" name="beforeMethod" finished-at="2022-05-22T19:40:42 IST" duration-ms="0" status="PASS">
          <reporter-output>
          </reporter-output>
        </test-method> <!-- beforeMethod -->
        <test-method signature="testB()[pri:0, instance:TestPackage.TestB@6ca8564a]" started-at="2022-05-22T19:40:42 IST" name="testB" finished-at="2022-05-22T19:40:42 IST" duration-ms="338" status="PASS">
          <reporter-output>
          </reporter-output>
        </test-method> <!-- testB -->
        <test-method is-config="true" signature="afterMethod()[pri:0, instance:TestPackage.TestB@6ca8564a]" started-at="2022-05-22T19:40:42 IST" name="afterMethod" finished-at="2022-05-22T19:40:42 IST" duration-ms="1" status="PASS">
          <reporter-output>
          </reporter-output>
        </test-method> <!-- afterMethod -->
        <test-method is-config="true" signature="afterClass()[pri:0, instance:TestPackage.TestB@6ca8564a]" started-at="2022-05-22T19:40:42 IST" name="afterClass" finished-at="2022-05-22T19:40:42 IST" duration-ms="0" status="PASS">
          <reporter-output>
          </reporter-output>
        </test-method> <!-- afterClass -->
      </class> <!-- TestPackage.TestB -->
    </test> <!-- Test -->
  </suite> <!-- Suite -->
</testng-results>
